<?xml version="1.0" encoding="UTF-8"?>
<!-- Generated by org.testng.reporters.JUnitXMLReporter -->
<testsuite ignored="0" hostname="DESKTOP-A2CKPQS" failures="1" tests="3" name="Default test" time="162.8" errors="0" timestamp="2026-02-13T17:31:19 PKT">
  <testcase classname="io.cucumber.testng.AbstractTestNGCucumberTests" name="runScenario" time="26.885"/>
  <testcase classname="io.cucumber.testng.AbstractTestNGCucumberTests" name="runScenario" time="51.127"/>
  <testcase classname="io.cucumber.testng.AbstractTestNGCucumberTests" name="runScenario" time="83.895">
    <failure type="org.openqa.selenium.TimeoutException" message="Expected condition failed: waiting for visibility of element located by By.xpath: //android.widget.EditText[@resource-id=&amp;quot;mznInput&amp;quot;] (tried for 20 second(s) with 500 milliseconds interval)
Build info: version: &amp;apos;4.8.3&amp;apos;, revision: &amp;apos;e5e76298c3&amp;apos;
System info: os.name: &amp;apos;Windows 11&amp;apos;, os.arch: &amp;apos;amd64&amp;apos;, os.version: &amp;apos;10.0&amp;apos;, java.version: &amp;apos;21.0.9&amp;apos;
Driver info: io.appium.java_client.android.AndroidDriver
Capabilities {appium:adbExecTimeout: 60000, appium:appActivity: com.ofss.digx.mobile.androi..., appium:appPackage: invo8.meezan.mb, appium:autoGrantPermissions: true, appium:automationName: UiAutomator2, appium:chromedriverExecutable: C:\Users\ma\Documents\Aqeel..., appium:databaseEnabled: false, appium:desired: {adbExecTimeout: 60000, appActivity: com.ofss.digx.mobile.androi..., appPackage: invo8.meezan.mb, autoGrantPermissions: true, automationName: UiAutomator2, chromedriverExecutable: C:\Users\ma\Documents\Aqeel..., deviceName: Android Device, disableWindowAnimation: true, enforceXPath1: true, ignoreHiddenApiPolicyError: true, newCommandTimeout: 300, noReset: true, platformName: android, udid: 082653732Q003887, uiautomator2ServerInstallTimeout: 60000, uiautomator2ServerLaunchTimeout: 60000, unlockKey: 1234, unlockType: pin}, appium:deviceApiLevel: 31, appium:deviceManufacturer: INFINIX, appium:deviceModel: Infinix X6817, appium:deviceName: 082653732Q003887, appium:deviceScreenDensity: 320, appium:deviceScreenSize: 720x1640, appium:deviceUDID: 082653732Q003887, appium:disableWindowAnimation: true, appium:enforceXPath1: true, appium:ignoreHiddenApiPolicyError: true, appium:javascriptEnabled: true, appium:locationContextEnabled: false, appium:networkConnectionEnabled: true, appium:newCommandTimeout: 300, appium:noReset: true, appium:pixelRatio: 2, appium:platformVersion: 12, appium:statBarHeight: 72, appium:takesScreenshot: true, appium:udid: 082653732Q003887, appium:uiautomator2ServerInstallTimeout: 60000, appium:uiautomator2ServerLaunchTimeout: 60000, appium:unlockKey: 1234, appium:unlockType: pin, appium:viewportRect: {height: 1568, left: 0, top: 72, width: 720}, appium:warnings: {}, appium:webStorageEnabled: false, platformName: ANDROID}
Session ID: 003adac2-605e-4345-be10-3bc1ad3abcf8">
      <![CDATA[org.openqa.selenium.TimeoutException: Expected condition failed: waiting for visibility of element located by By.xpath: //android.widget.EditText[@resource-id="mznInput"] (tried for 20 second(s) with 500 milliseconds interval)
Build info: version: '4.8.3', revision: 'e5e76298c3'
System info: os.name: 'Windows 11', os.arch: 'amd64', os.version: '10.0', java.version: '21.0.9'
Driver info: io.appium.java_client.android.AndroidDriver
Capabilities {appium:adbExecTimeout: 60000, appium:appActivity: com.ofss.digx.mobile.androi..., appium:appPackage: invo8.meezan.mb, appium:autoGrantPermissions: true, appium:automationName: UiAutomator2, appium:chromedriverExecutable: C:\Users\ma\Documents\Aqeel..., appium:databaseEnabled: false, appium:desired: {adbExecTimeout: 60000, appActivity: com.ofss.digx.mobile.androi..., appPackage: invo8.meezan.mb, autoGrantPermissions: true, automationName: UiAutomator2, chromedriverExecutable: C:\Users\ma\Documents\Aqeel..., deviceName: Android Device, disableWindowAnimation: true, enforceXPath1: true, ignoreHiddenApiPolicyError: true, newCommandTimeout: 300, noReset: true, platformName: android, udid: 082653732Q003887, uiautomator2ServerInstallTimeout: 60000, uiautomator2ServerLaunchTimeout: 60000, unlockKey: 1234, unlockType: pin}, appium:deviceApiLevel: 31, appium:deviceManufacturer: INFINIX, appium:deviceModel: Infinix X6817, appium:deviceName: 082653732Q003887, appium:deviceScreenDensity: 320, appium:deviceScreenSize: 720x1640, appium:deviceUDID: 082653732Q003887, appium:disableWindowAnimation: true, appium:enforceXPath1: true, appium:ignoreHiddenApiPolicyError: true, appium:javascriptEnabled: true, appium:locationContextEnabled: false, appium:networkConnectionEnabled: true, appium:newCommandTimeout: 300, appium:noReset: true, appium:pixelRatio: 2, appium:platformVersion: 12, appium:statBarHeight: 72, appium:takesScreenshot: true, appium:udid: 082653732Q003887, appium:uiautomator2ServerInstallTimeout: 60000, appium:uiautomator2ServerLaunchTimeout: 60000, appium:unlockKey: 1234, appium:unlockType: pin, appium:viewportRect: {height: 1568, left: 0, top: 72, width: 720}, appium:warnings: {}, appium:webStorageEnabled: false, platformName: ANDROID}
Session ID: 003adac2-605e-4345-be10-3bc1ad3abcf8
at org.openqa.selenium.support.ui.WebDriverWait.timeoutException(WebDriverWait.java:87)
at org.openqa.selenium.support.ui.FluentWait.until(FluentWait.java:231)
at pages.SendmoneyPage.enterAmount(SendmoneyPage.java:126)
at steps.SendmoneySteps.user_enters_amount(SendmoneySteps.java:77)
at ✽.user enters amount "100"(file:///C:/Users/ma/eclipse-workspace/meezanbankApp/src/test/resources/features/sendmoney.feature:15)
]]>
    </failure>
  </testcase> <!-- runScenario -->
</testsuite> <!-- Default test -->
