<?xml version="1.0" encoding="UTF-8"?>
<testng-results ignored="0" total="3" passed="2" failed="1" skipped="0">
  <reporter-output>
  </reporter-output>
  <suite started-at="2026-04-22T16:13:46 PKT" name="Smoke Suite" finished-at="2026-04-22T16:19:04 PKT" duration-ms="317143">
    <groups>
      <group name="cucumber">
        <method signature="AbstractTestNGCucumberTests.runScenario(io.cucumber.testng.PickleWrapper,io.cucumber.testng.FeatureWrapper)[pri:0, instance:runners.ChangeNotificationLanguageRunner@305b7c14]" name="runScenario" class="io.cucumber.testng.AbstractTestNGCucumberTests"/>
        <method signature="AbstractTestNGCucumberTests.runScenario(io.cucumber.testng.PickleWrapper,io.cucumber.testng.FeatureWrapper)[pri:0, instance:runners.DashboardRunner@c0c2f8d]" name="runScenario" class="io.cucumber.testng.AbstractTestNGCucumberTests"/>
        <method signature="AbstractTestNGCucumberTests.runScenario(io.cucumber.testng.PickleWrapper,io.cucumber.testng.FeatureWrapper)[pri:0, instance:runners.LoginRunner@3d34d211]" name="runScenario" class="io.cucumber.testng.AbstractTestNGCucumberTests"/>
      </group> <!-- cucumber -->
    </groups>
    <test started-at="2026-04-22T16:13:46 PKT" name="Smoke Suite" finished-at="2026-04-22T16:19:04 PKT" duration-ms="317143">
      <class name="runners.ChangeNotificationLanguageRunner">
        <test-method is-config="true" signature="setUpClass(org.testng.ITestContext)[pri:0, instance:runners.ChangeNotificationLanguageRunner@305b7c14]" started-at="2026-04-22T16:15:23 PKT" name="setUpClass" finished-at="2026-04-22T16:15:23 PKT" duration-ms="24" status="PASS">
          <params>
            <param index="0">
              <value>
                <![CDATA[org.testng.TestRunner@3909a854]]>
              </value>
            </param>
          </params>
          <reporter-output>
          </reporter-output>
        </test-method> <!-- setUpClass -->
        <test-method signature="runScenario(io.cucumber.testng.PickleWrapper,io.cucumber.testng.FeatureWrapper)[pri:0, instance:runners.ChangeNotificationLanguageRunner@305b7c14]" started-at="2026-04-22T16:15:23 PKT" name="runScenario" description="Runs Cucumber Scenarios" data-provider="scenarios" finished-at="2026-04-22T16:19:04 PKT" duration-ms="220105" status="FAIL">
          <params>
            <param index="0">
              <value>
                <![CDATA["User changes notification language"]]>
              </value>
            </param>
            <param index="1">
              <value>
                <![CDATA["Notification Language Change"]]>
              </value>
            </param>
          </params>
          <exception class="org.openqa.selenium.WebDriverException">
            <message>
              <![CDATA[An unknown server-side error occurred while processing the command. Original error: 'POST /element' cannot be proxied to UiAutomator2 server because the instrumentation process is not running (probably crashed). Check the server log and/or the logcat output for more details
Build info: version: '4.8.3', revision: 'e5e76298c3'
System info: os.name: 'Windows 11', os.arch: 'amd64', os.version: '10.0', java.version: '21.0.9'
Driver info: io.appium.java_client.android.AndroidDriver
Command: [7259bc7a-b0bb-4822-94c3-def687859bdb, findElement {using=xpath, value=//android.widget.Image[@text="home-icon-purple"]}]
Capabilities {appium:adbExecTimeout: 120000, appium:appActivity: com.ofss.digx.mobile.androi..., appium:appPackage: com.ofss.tx.meezan, appium:autoGrantPermissions: true, appium:automationName: UiAutomator2, appium:chromedriverAutodownload: true, appium:chromedriverExecutable: C:\Users\ma\Documents\Aqeel..., appium:databaseEnabled: false, appium:desired: {adbExecTimeout: 120000, appActivity: com.ofss.digx.mobile.androi..., appPackage: com.ofss.tx.meezan, autoGrantPermissions: true, automationName: UiAutomator2, chromedriverAutodownload: true, chromedriverExecutable: C:\Users\ma\Documents\Aqeel..., deviceName: Android Device, enforceXPath1: true, ensureWebviewsHavePages: true, fullReset: false, newCommandTimeout: 300, noReset: true, platformName: android, udid: 083672525V005614, uiautomator2ServerLaunchTimeout: 180000, unlockKey: 0000, unlockType: pin, webviewConnectTimeout: 30000}, appium:deviceApiLevel: 33, appium:deviceManufacturer: INFINIX, appium:deviceModel: Infinix X670, appium:deviceName: 083672525V005614, appium:deviceScreenDensity: 480, appium:deviceScreenSize: 1080x2400, appium:deviceUDID: 083672525V005614, appium:enforceXPath1: true, appium:ensureWebviewsHavePages: true, appium:fullReset: false, appium:javascriptEnabled: true, appium:locationContextEnabled: false, appium:networkConnectionEnabled: true, appium:newCommandTimeout: 300, appium:noReset: true, appium:pixelRatio: 3, appium:platformVersion: 13, appium:statBarHeight: 108, appium:takesScreenshot: true, appium:udid: 083672525V005614, appium:uiautomator2ServerLaunchTimeout: 180000, appium:unlockKey: 0000, appium:unlockType: pin, appium:viewportRect: {height: 2292, left: 0, top: 108, width: 1080}, appium:warnings: {}, appium:webStorageEnabled: false, appium:webviewConnectTimeout: 30000, platformName: ANDROID}
Session ID: 7259bc7a-b0bb-4822-94c3-def687859bdb]]>
            </message>
            <full-stacktrace>
              <![CDATA[org.openqa.selenium.WebDriverException: An unknown server-side error occurred while processing the command. Original error: 'POST /element' cannot be proxied to UiAutomator2 server because the instrumentation process is not running (probably crashed). Check the server log and/or the logcat output for more details
Build info: version: '4.8.3', revision: 'e5e76298c3'
System info: os.name: 'Windows 11', os.arch: 'amd64', os.version: '10.0', java.version: '21.0.9'
Driver info: io.appium.java_client.android.AndroidDriver
Command: [7259bc7a-b0bb-4822-94c3-def687859bdb, findElement {using=xpath, value=//android.widget.Image[@text="home-icon-purple"]}]
Capabilities {appium:adbExecTimeout: 120000, appium:appActivity: com.ofss.digx.mobile.androi..., appium:appPackage: com.ofss.tx.meezan, appium:autoGrantPermissions: true, appium:automationName: UiAutomator2, appium:chromedriverAutodownload: true, appium:chromedriverExecutable: C:\Users\ma\Documents\Aqeel..., appium:databaseEnabled: false, appium:desired: {adbExecTimeout: 120000, appActivity: com.ofss.digx.mobile.androi..., appPackage: com.ofss.tx.meezan, autoGrantPermissions: true, automationName: UiAutomator2, chromedriverAutodownload: true, chromedriverExecutable: C:\Users\ma\Documents\Aqeel..., deviceName: Android Device, enforceXPath1: true, ensureWebviewsHavePages: true, fullReset: false, newCommandTimeout: 300, noReset: true, platformName: android, udid: 083672525V005614, uiautomator2ServerLaunchTimeout: 180000, unlockKey: 0000, unlockType: pin, webviewConnectTimeout: 30000}, appium:deviceApiLevel: 33, appium:deviceManufacturer: INFINIX, appium:deviceModel: Infinix X670, appium:deviceName: 083672525V005614, appium:deviceScreenDensity: 480, appium:deviceScreenSize: 1080x2400, appium:deviceUDID: 083672525V005614, appium:enforceXPath1: true, appium:ensureWebviewsHavePages: true, appium:fullReset: false, appium:javascriptEnabled: true, appium:locationContextEnabled: false, appium:networkConnectionEnabled: true, appium:newCommandTimeout: 300, appium:noReset: true, appium:pixelRatio: 3, appium:platformVersion: 13, appium:statBarHeight: 108, appium:takesScreenshot: true, appium:udid: 083672525V005614, appium:uiautomator2ServerLaunchTimeout: 180000, appium:unlockKey: 0000, appium:unlockType: pin, appium:viewportRect: {height: 2292, left: 0, top: 108, width: 1080}, appium:warnings: {}, appium:webStorageEnabled: false, appium:webviewConnectTimeout: 30000, platformName: ANDROID}
Session ID: 7259bc7a-b0bb-4822-94c3-def687859bdb
at java.base/jdk.internal.reflect.DirectConstructorHandleAccessor.newInstance(DirectConstructorHandleAccessor.java:62)
at java.base/java.lang.reflect.Constructor.newInstanceWithCaller(Constructor.java:502)
at java.base/java.lang.reflect.Constructor.newInstance(Constructor.java:486)
at org.openqa.selenium.remote.codec.w3c.W3CHttpResponseCodec.createException(W3CHttpResponseCodec.java:200)
at org.openqa.selenium.remote.codec.w3c.W3CHttpResponseCodec.decode(W3CHttpResponseCodec.java:133)
at org.openqa.selenium.remote.codec.w3c.W3CHttpResponseCodec.decode(W3CHttpResponseCodec.java:53)
at org.openqa.selenium.remote.HttpCommandExecutor.execute(HttpCommandExecutor.java:193)
at io.appium.java_client.remote.AppiumCommandExecutor.execute(AppiumCommandExecutor.java:250)
at org.openqa.selenium.remote.RemoteWebDriver.execute(RemoteWebDriver.java:543)
at org.openqa.selenium.remote.ElementLocation$ElementFinder$2.findElement(ElementLocation.java:162)
at org.openqa.selenium.remote.ElementLocation.findElement(ElementLocation.java:60)
at org.openqa.selenium.remote.RemoteWebDriver.findElement(RemoteWebDriver.java:352)
at org.openqa.selenium.remote.RemoteWebDriver.findElement(RemoteWebDriver.java:344)
at org.openqa.selenium.support.ui.ExpectedConditions$7.apply(ExpectedConditions.java:197)
at org.openqa.selenium.support.ui.ExpectedConditions$7.apply(ExpectedConditions.java:193)
at org.openqa.selenium.support.ui.ExpectedConditions$22.apply(ExpectedConditions.java:631)
at org.openqa.selenium.support.ui.ExpectedConditions$22.apply(ExpectedConditions.java:628)
at org.openqa.selenium.support.ui.FluentWait.until(FluentWait.java:208)
at pages.DashboardPage.clickHome(DashboardPage.java:33)
at pages.DashboardPage.goToDashboard(DashboardPage.java:26)
at steps.CommomSteps.navigateToDashboard(CommomSteps.java:12)
]]>
            </full-stacktrace>
          </exception> <!-- org.openqa.selenium.WebDriverException -->
          <reporter-output>
          </reporter-output>
        </test-method> <!-- runScenario -->
        <test-method is-config="true" signature="tearDownClass()[pri:0, instance:runners.ChangeNotificationLanguageRunner@305b7c14]" started-at="2026-04-22T16:19:04 PKT" name="tearDownClass" finished-at="2026-04-22T16:19:04 PKT" duration-ms="38" status="PASS">
          <reporter-output>
          </reporter-output>
        </test-method> <!-- tearDownClass -->
      </class> <!-- runners.ChangeNotificationLanguageRunner -->
      <class name="runners.DashboardRunner">
        <test-method is-config="true" signature="setUpClass(org.testng.ITestContext)[pri:0, instance:runners.DashboardRunner@c0c2f8d]" started-at="2026-04-22T16:15:10 PKT" name="setUpClass" finished-at="2026-04-22T16:15:10 PKT" duration-ms="17" status="PASS">
          <params>
            <param index="0">
              <value>
                <![CDATA[org.testng.TestRunner@3909a854]]>
              </value>
            </param>
          </params>
          <reporter-output>
          </reporter-output>
        </test-method> <!-- setUpClass -->
        <test-method signature="runScenario(io.cucumber.testng.PickleWrapper,io.cucumber.testng.FeatureWrapper)[pri:0, instance:runners.DashboardRunner@c0c2f8d]" started-at="2026-04-22T16:15:10 PKT" name="runScenario" description="Runs Cucumber Scenarios" data-provider="scenarios" finished-at="2026-04-22T16:15:23 PKT" duration-ms="13070" status="PASS">
          <params>
            <param index="0">
              <value>
                <![CDATA["Navigate to Dashboard"]]>
              </value>
            </param>
            <param index="1">
              <value>
                <![CDATA["Dashboard Validation"]]>
              </value>
            </param>
          </params>
          <reporter-output>
          </reporter-output>
        </test-method> <!-- runScenario -->
        <test-method is-config="true" signature="tearDownClass()[pri:0, instance:runners.DashboardRunner@c0c2f8d]" started-at="2026-04-22T16:15:23 PKT" name="tearDownClass" finished-at="2026-04-22T16:15:23 PKT" duration-ms="33" status="PASS">
          <reporter-output>
          </reporter-output>
        </test-method> <!-- tearDownClass -->
      </class> <!-- runners.DashboardRunner -->
      <class name="runners.LoginRunner">
        <test-method is-config="true" signature="setUpClass(org.testng.ITestContext)[pri:0, instance:runners.LoginRunner@3d34d211]" started-at="2026-04-22T16:13:46 PKT" name="setUpClass" finished-at="2026-04-22T16:13:48 PKT" duration-ms="1032" status="PASS">
          <params>
            <param index="0">
              <value>
                <![CDATA[org.testng.TestRunner@3909a854]]>
              </value>
            </param>
          </params>
          <reporter-output>
          </reporter-output>
        </test-method> <!-- setUpClass -->
        <test-method signature="runScenario(io.cucumber.testng.PickleWrapper,io.cucumber.testng.FeatureWrapper)[pri:0, instance:runners.LoginRunner@3d34d211]" started-at="2026-04-22T16:13:48 PKT" name="runScenario" description="Runs Cucumber Scenarios" data-provider="scenarios" finished-at="2026-04-22T16:15:10 PKT" duration-ms="82674" status="PASS">
          <params>
            <param index="0">
              <value>
                <![CDATA["Login with Valid user"]]>
              </value>
            </param>
            <param index="1">
              <value>
                <![CDATA["Meezan Bank Login"]]>
              </value>
            </param>
          </params>
          <reporter-output>
          </reporter-output>
        </test-method> <!-- runScenario -->
        <test-method is-config="true" signature="tearDownClass()[pri:0, instance:runners.LoginRunner@3d34d211]" started-at="2026-04-22T16:15:10 PKT" name="tearDownClass" finished-at="2026-04-22T16:15:10 PKT" duration-ms="48" status="PASS">
          <reporter-output>
          </reporter-output>
        </test-method> <!-- tearDownClass -->
      </class> <!-- runners.LoginRunner -->
    </test> <!-- Smoke Suite -->
  </suite> <!-- Smoke Suite -->
</testng-results>
