<?xml version="1.0" encoding="UTF-8"?>
<testng-results ignored="0" total="3" passed="3" failed="0" skipped="0">
  <reporter-output>
  </reporter-output>
  <suite started-at="2026-04-03T17:36:19 PKT" name="Smoke Suite" finished-at="2026-04-03T17:38:17 PKT" duration-ms="117611">
    <groups>
      <group name="cucumber">
        <method signature="AbstractTestNGCucumberTests.runScenario(io.cucumber.testng.PickleWrapper,io.cucumber.testng.FeatureWrapper)[pri:0, instance:runners.DashboardRunner@22fcf7ab]" name="runScenario" class="io.cucumber.testng.AbstractTestNGCucumberTests"/>
        <method signature="AbstractTestNGCucumberTests.runScenario(io.cucumber.testng.PickleWrapper,io.cucumber.testng.FeatureWrapper)[pri:0, instance:runners.FundTransferRunner@2de23121]" name="runScenario" class="io.cucumber.testng.AbstractTestNGCucumberTests"/>
        <method signature="AbstractTestNGCucumberTests.runScenario(io.cucumber.testng.PickleWrapper,io.cucumber.testng.FeatureWrapper)[pri:0, instance:runners.LoginRunner@2002fc1d]" name="runScenario" class="io.cucumber.testng.AbstractTestNGCucumberTests"/>
      </group> <!-- cucumber -->
    </groups>
    <test started-at="2026-04-03T17:36:19 PKT" name="Smoke Suite" finished-at="2026-04-03T17:38:17 PKT" duration-ms="117611">
      <class name="runners.DashboardRunner">
        <test-method is-config="true" signature="setUpClass(org.testng.ITestContext)[pri:0, instance:runners.DashboardRunner@22fcf7ab]" started-at="2026-04-03T17:37:40 PKT" name="setUpClass" finished-at="2026-04-03T17:37:40 PKT" duration-ms="28" status="PASS">
          <params>
            <param index="0">
              <value>
                <![CDATA[org.testng.TestRunner@7e848aea]]>
              </value>
            </param>
          </params>
          <reporter-output>
          </reporter-output>
        </test-method> <!-- setUpClass -->
        <test-method signature="runScenario(io.cucumber.testng.PickleWrapper,io.cucumber.testng.FeatureWrapper)[pri:0, instance:runners.DashboardRunner@22fcf7ab]" started-at="2026-04-03T17:37:40 PKT" name="runScenario" description="Runs Cucumber Scenarios" data-provider="scenarios" finished-at="2026-04-03T17:37:50 PKT" duration-ms="9403" status="PASS">
          <params>
            <param index="0">
              <value>
                <![CDATA["Click on Show Balance"]]>
              </value>
            </param>
            <param index="1">
              <value>
                <![CDATA["Dashboard Validation"]]>
              </value>
            </param>
          </params>
          <reporter-output>
          </reporter-output>
        </test-method> <!-- runScenario -->
        <test-method is-config="true" signature="tearDownClass()[pri:0, instance:runners.DashboardRunner@22fcf7ab]" started-at="2026-04-03T17:37:50 PKT" name="tearDownClass" finished-at="2026-04-03T17:37:50 PKT" duration-ms="23" status="PASS">
          <reporter-output>
          </reporter-output>
        </test-method> <!-- tearDownClass -->
      </class> <!-- runners.DashboardRunner -->
      <class name="runners.FundTransferRunner">
        <test-method is-config="true" signature="setUpClass(org.testng.ITestContext)[pri:0, instance:runners.FundTransferRunner@2de23121]" started-at="2026-04-03T17:37:50 PKT" name="setUpClass" finished-at="2026-04-03T17:37:50 PKT" duration-ms="17" status="PASS">
          <params>
            <param index="0">
              <value>
                <![CDATA[org.testng.TestRunner@7e848aea]]>
              </value>
            </param>
          </params>
          <reporter-output>
          </reporter-output>
        </test-method> <!-- setUpClass -->
        <test-method signature="runScenario(io.cucumber.testng.PickleWrapper,io.cucumber.testng.FeatureWrapper)[pri:0, instance:runners.FundTransferRunner@2de23121]" started-at="2026-04-03T17:37:50 PKT" name="runScenario" description="Runs Cucumber Scenarios" data-provider="scenarios" finished-at="2026-04-03T17:38:17 PKT" duration-ms="27122" status="PASS">
          <params>
            <param index="0">
              <value>
                <![CDATA["Transfer funds to Meezan Bank account"]]>
              </value>
            </param>
            <param index="1">
              <value>
                <![CDATA["Fund Transfer"]]>
              </value>
            </param>
          </params>
          <reporter-output>
          </reporter-output>
        </test-method> <!-- runScenario -->
        <test-method is-config="true" signature="tearDownClass()[pri:0, instance:runners.FundTransferRunner@2de23121]" started-at="2026-04-03T17:38:17 PKT" name="tearDownClass" finished-at="2026-04-03T17:38:17 PKT" duration-ms="30" status="PASS">
          <reporter-output>
          </reporter-output>
        </test-method> <!-- tearDownClass -->
      </class> <!-- runners.FundTransferRunner -->
      <class name="runners.LoginRunner">
        <test-method is-config="true" signature="setUpClass(org.testng.ITestContext)[pri:0, instance:runners.LoginRunner@2002fc1d]" started-at="2026-04-03T17:36:19 PKT" name="setUpClass" finished-at="2026-04-03T17:36:20 PKT" duration-ms="744" status="PASS">
          <params>
            <param index="0">
              <value>
                <![CDATA[org.testng.TestRunner@7e848aea]]>
              </value>
            </param>
          </params>
          <reporter-output>
          </reporter-output>
        </test-method> <!-- setUpClass -->
        <test-method signature="runScenario(io.cucumber.testng.PickleWrapper,io.cucumber.testng.FeatureWrapper)[pri:0, instance:runners.LoginRunner@2002fc1d]" started-at="2026-04-03T17:36:20 PKT" name="runScenario" description="Runs Cucumber Scenarios" data-provider="scenarios" finished-at="2026-04-03T17:37:40 PKT" duration-ms="79774" status="PASS">
          <params>
            <param index="0">
              <value>
                <![CDATA["Login with multiple users"]]>
              </value>
            </param>
            <param index="1">
              <value>
                <![CDATA["Meezan Bank Login"]]>
              </value>
            </param>
          </params>
          <reporter-output>
          </reporter-output>
        </test-method> <!-- runScenario -->
        <test-method is-config="true" signature="tearDownClass()[pri:0, instance:runners.LoginRunner@2002fc1d]" started-at="2026-04-03T17:37:40 PKT" name="tearDownClass" finished-at="2026-04-03T17:37:40 PKT" duration-ms="411" status="PASS">
          <reporter-output>
          </reporter-output>
        </test-method> <!-- tearDownClass -->
      </class> <!-- runners.LoginRunner -->
    </test> <!-- Smoke Suite -->
  </suite> <!-- Smoke Suite -->
</testng-results>
