<?xml version="1.0" encoding="UTF-8"?>
<!-- Generated by org.testng.reporters.JUnitReportReporter -->
<testsuite hostname="Xcelliti1" failures="1" tests="1" name="runners.EnableQuickViewBalRunner" time="7.416" errors="0" timestamp="2026-04-20T11:49:31 PKT" skipped="0">
  <testcase classname="runners.EnableQuickViewBalRunner" name="runScenario" time="7.416">
    <failure message="Toggle state did not change did not expect [false] but found [false]" type="java.lang.AssertionError">
      <![CDATA[java.lang.AssertionError: Toggle state did not change did not expect [false] but found [false]
at org.testng.Assert.fail(Assert.java:111)
at org.testng.Assert.failEquals(Assert.java:1582)
at org.testng.Assert.assertNotEqualsImpl(Assert.java:157)
at org.testng.Assert.assertNotEquals(Assert.java:2198)
at steps.EnableQuickViewBalSteps.quick_view_balance_state_should_be_updated(EnableQuickViewBalSteps.java:39)
at ✽.Quick View Balance state should be updated(file:///C:/Users/ma/eclipse-workspace/meezanbankApp/src/test/resources/features/EnableQuickViewBal.feature:9)
]]>
    </failure>
  </testcase> <!-- runScenario -->
</testsuite> <!-- runners.EnableQuickViewBalRunner -->
