<?xml version="1.0" encoding="UTF-8"?>
<!-- Generated by org.testng.reporters.JUnitReportReporter -->
<testsuite hostname="Xcelliti1" failures="0" tests="1" name="runners.ChangeLimitRunner" time="28.745" errors="1" timestamp="2026-04-23T14:27:30 PKT" skipped="0">
  <testcase classname="runners.ChangeLimitRunner" name="runScenario" time="28.745">
    <error message="Expected condition failed: waiting for element to be clickable: By.xpath: //android.widget.Button[@text=&#039;Apply&#039;] (tried for 20 second(s) with 500 milliseconds interval)
Build info: version: &#039;4.8.3&#039;, revision: &#039;e5e76298c3&#039;
System info: os.name: &#039;Windows 11&#039;, os.arch: &#039;amd64&#039;, os.version: &#039;10.0&#039;, java.version: &#039;21.0.9&#039;
Driver info: io.appium.java_client.android.AndroidDriver
Capabilities {appium:adbExecTimeout: 120000, appium:appActivity: com.ofss.digx.mobile.androi..., appium:appPackage: com.ofss.tx.meezan, appium:autoGrantPermissions: true, appium:automationName: UiAutomator2, appium:chromedriverAutodownload: true, appium:chromedriverExecutable: C:\Users\ma\Documents\Aqeel..., appium:databaseEnabled: false, appium:desired: {adbExecTimeout: 120000, appActivity: com.ofss.digx.mobile.androi..., appPackage: com.ofss.tx.meezan, autoGrantPermissions: true, automationName: UiAutomator2, chromedriverAutodownload: true, chromedriverExecutable: C:\Users\ma\Documents\Aqeel..., deviceName: Android Device, enforceXPath1: true, ensureWebviewsHavePages: true, fullReset: false, newCommandTimeout: 300, noReset: true, platformName: android, udid: 083672525V005614, uiautomator2ServerLaunchTimeout: 180000, unlockKey: 0000, unlockType: pin, webviewConnectTimeout: 30000}, appium:deviceApiLevel: 33, appium:deviceManufacturer: INFINIX, appium:deviceModel: Infinix X670, appium:deviceName: 083672525V005614, appium:deviceScreenDensity: 480, appium:deviceScreenSize: 1080x2400, appium:deviceUDID: 083672525V005614, appium:enforceXPath1: true, appium:ensureWebviewsHavePages: true, appium:fullReset: false, appium:javascriptEnabled: true, appium:locationContextEnabled: false, appium:networkConnectionEnabled: true, appium:newCommandTimeout: 300, appium:noReset: true, appium:pixelRatio: 3, appium:platformVersion: 13, appium:statBarHeight: 108, appium:takesScreenshot: true, appium:udid: 083672525V005614, appium:uiautomator2ServerLaunchTimeout: 180000, appium:unlockKey: 0000, appium:unlockType: pin, appium:viewportRect: {height: 2292, left: 0, top: 108, width: 1080}, appium:warnings: {}, appium:webStorageEnabled: false, appium:webviewConnectTimeout: 30000, platformName: ANDROID}
Session ID: c343e622-7f77-4d47-b4b8-0e12ff37949f" type="org.openqa.selenium.TimeoutException">
      <![CDATA[org.openqa.selenium.TimeoutException: Expected condition failed: waiting for element to be clickable: By.xpath: //android.widget.Button[@text='Apply'] (tried for 20 second(s) with 500 milliseconds interval)
Build info: version: '4.8.3', revision: 'e5e76298c3'
System info: os.name: 'Windows 11', os.arch: 'amd64', os.version: '10.0', java.version: '21.0.9'
Driver info: io.appium.java_client.android.AndroidDriver
Capabilities {appium:adbExecTimeout: 120000, appium:appActivity: com.ofss.digx.mobile.androi..., appium:appPackage: com.ofss.tx.meezan, appium:autoGrantPermissions: true, appium:automationName: UiAutomator2, appium:chromedriverAutodownload: true, appium:chromedriverExecutable: C:\Users\ma\Documents\Aqeel..., appium:databaseEnabled: false, appium:desired: {adbExecTimeout: 120000, appActivity: com.ofss.digx.mobile.androi..., appPackage: com.ofss.tx.meezan, autoGrantPermissions: true, automationName: UiAutomator2, chromedriverAutodownload: true, chromedriverExecutable: C:\Users\ma\Documents\Aqeel..., deviceName: Android Device, enforceXPath1: true, ensureWebviewsHavePages: true, fullReset: false, newCommandTimeout: 300, noReset: true, platformName: android, udid: 083672525V005614, uiautomator2ServerLaunchTimeout: 180000, unlockKey: 0000, unlockType: pin, webviewConnectTimeout: 30000}, appium:deviceApiLevel: 33, appium:deviceManufacturer: INFINIX, appium:deviceModel: Infinix X670, appium:deviceName: 083672525V005614, appium:deviceScreenDensity: 480, appium:deviceScreenSize: 1080x2400, appium:deviceUDID: 083672525V005614, appium:enforceXPath1: true, appium:ensureWebviewsHavePages: true, appium:fullReset: false, appium:javascriptEnabled: true, appium:locationContextEnabled: false, appium:networkConnectionEnabled: true, appium:newCommandTimeout: 300, appium:noReset: true, appium:pixelRatio: 3, appium:platformVersion: 13, appium:statBarHeight: 108, appium:takesScreenshot: true, appium:udid: 083672525V005614, appium:uiautomator2ServerLaunchTimeout: 180000, appium:unlockKey: 0000, appium:unlockType: pin, appium:viewportRect: {height: 2292, left: 0, top: 108, width: 1080}, appium:warnings: {}, appium:webStorageEnabled: false, appium:webviewConnectTimeout: 30000, platformName: ANDROID}
Session ID: c343e622-7f77-4d47-b4b8-0e12ff37949f
at org.openqa.selenium.support.ui.WebDriverWait.timeoutException(WebDriverWait.java:87)
at org.openqa.selenium.support.ui.FluentWait.until(FluentWait.java:231)
at pages.ChangeLimitPage.clickApply(ChangeLimitPage.java:78)
at steps.ChangeLimitSteps.click_apply(ChangeLimitSteps.java:42)
at ✽.user clicks Apply Button(file:///C:/Users/ma/eclipse-workspace/meezanbankApp/src/test/resources/features/14_LimitManagement.feature:8)
]]>
    </error>
  </testcase> <!-- runScenario -->
</testsuite> <!-- runners.ChangeLimitRunner -->
