<?xml version="1.0" encoding="UTF-8"?>
<!-- Generated by org.testng.reporters.JUnitReportReporter -->
<testsuite hostname="Xcelliti1" failures="0" tests="21" name="runners.LoginRunner" time="370.784" errors="5" timestamp="2026-04-23T15:14:01 PKT" skipped="0">
  <testcase classname="runners.LoginRunner" name="runScenario" time="1.061">
    <error message="An unknown server-side error occurred while processing the command. Original error: &#039;POST /element&#039; cannot be proxied to UiAutomator2 server because the instrumentation process is not running (probably crashed). Check the server log and/or the logcat output for more details
Build info: version: &#039;4.8.3&#039;, revision: &#039;e5e76298c3&#039;
System info: os.name: &#039;Windows 11&#039;, os.arch: &#039;amd64&#039;, os.version: &#039;10.0&#039;, java.version: &#039;21.0.9&#039;
Driver info: io.appium.java_client.android.AndroidDriver
Command: [8cda3fc4-b169-4f39-b4fb-e25f8dc351e4, findElement {using=xpath, value=//android.widget.TextView[@text=&quot;Forgot Password?&quot;]}]
Capabilities {appium:adbExecTimeout: 120000, appium:appActivity: com.ofss.digx.mobile.androi..., appium:appPackage: com.ofss.tx.meezan, appium:autoGrantPermissions: true, appium:automationName: UiAutomator2, appium:chromedriverAutodownload: true, appium:chromedriverExecutable: C:\Users\ma\Documents\Aqeel..., appium:databaseEnabled: false, appium:desired: {adbExecTimeout: 120000, appActivity: com.ofss.digx.mobile.androi..., appPackage: com.ofss.tx.meezan, autoGrantPermissions: true, automationName: UiAutomator2, chromedriverAutodownload: true, chromedriverExecutable: C:\Users\ma\Documents\Aqeel..., deviceName: Android Device, enforceXPath1: true, ensureWebviewsHavePages: true, fullReset: false, newCommandTimeout: 300, noReset: true, platformName: android, udid: 083672525V005614, uiautomator2ServerLaunchTimeout: 180000, unlockKey: 0000, unlockType: pin, webviewConnectTimeout: 30000}, appium:deviceApiLevel: 33, appium:deviceManufacturer: INFINIX, appium:deviceModel: Infinix X670, appium:deviceName: 083672525V005614, appium:deviceScreenDensity: 480, appium:deviceScreenSize: 1080x2400, appium:deviceUDID: 083672525V005614, appium:enforceXPath1: true, appium:ensureWebviewsHavePages: true, appium:fullReset: false, appium:javascriptEnabled: true, appium:locationContextEnabled: false, appium:networkConnectionEnabled: true, appium:newCommandTimeout: 300, appium:noReset: true, appium:pixelRatio: 3, appium:platformVersion: 13, appium:statBarHeight: 108, appium:takesScreenshot: true, appium:udid: 083672525V005614, appium:uiautomator2ServerLaunchTimeout: 180000, appium:unlockKey: 0000, appium:unlockType: pin, appium:viewportRect: {height: 2292, left: 0, top: 108, width: 1080}, appium:warnings: {}, appium:webStorageEnabled: false, appium:webviewConnectTimeout: 30000, platformName: ANDROID}
Session ID: 8cda3fc4-b169-4f39-b4fb-e25f8dc351e4" type="org.openqa.selenium.WebDriverException">
      <![CDATA[org.openqa.selenium.WebDriverException: An unknown server-side error occurred while processing the command. Original error: 'POST /element' cannot be proxied to UiAutomator2 server because the instrumentation process is not running (probably crashed). Check the server log and/or the logcat output for more details
Build info: version: '4.8.3', revision: 'e5e76298c3'
System info: os.name: 'Windows 11', os.arch: 'amd64', os.version: '10.0', java.version: '21.0.9'
Driver info: io.appium.java_client.android.AndroidDriver
Command: [8cda3fc4-b169-4f39-b4fb-e25f8dc351e4, findElement {using=xpath, value=//android.widget.TextView[@text="Forgot Password?"]}]
Capabilities {appium:adbExecTimeout: 120000, appium:appActivity: com.ofss.digx.mobile.androi..., appium:appPackage: com.ofss.tx.meezan, appium:autoGrantPermissions: true, appium:automationName: UiAutomator2, appium:chromedriverAutodownload: true, appium:chromedriverExecutable: C:\Users\ma\Documents\Aqeel..., appium:databaseEnabled: false, appium:desired: {adbExecTimeout: 120000, appActivity: com.ofss.digx.mobile.androi..., appPackage: com.ofss.tx.meezan, autoGrantPermissions: true, automationName: UiAutomator2, chromedriverAutodownload: true, chromedriverExecutable: C:\Users\ma\Documents\Aqeel..., deviceName: Android Device, enforceXPath1: true, ensureWebviewsHavePages: true, fullReset: false, newCommandTimeout: 300, noReset: true, platformName: android, udid: 083672525V005614, uiautomator2ServerLaunchTimeout: 180000, unlockKey: 0000, unlockType: pin, webviewConnectTimeout: 30000}, appium:deviceApiLevel: 33, appium:deviceManufacturer: INFINIX, appium:deviceModel: Infinix X670, appium:deviceName: 083672525V005614, appium:deviceScreenDensity: 480, appium:deviceScreenSize: 1080x2400, appium:deviceUDID: 083672525V005614, appium:enforceXPath1: true, appium:ensureWebviewsHavePages: true, appium:fullReset: false, appium:javascriptEnabled: true, appium:locationContextEnabled: false, appium:networkConnectionEnabled: true, appium:newCommandTimeout: 300, appium:noReset: true, appium:pixelRatio: 3, appium:platformVersion: 13, appium:statBarHeight: 108, appium:takesScreenshot: true, appium:udid: 083672525V005614, appium:uiautomator2ServerLaunchTimeout: 180000, appium:unlockKey: 0000, appium:unlockType: pin, appium:viewportRect: {height: 2292, left: 0, top: 108, width: 1080}, appium:warnings: {}, appium:webStorageEnabled: false, appium:webviewConnectTimeout: 30000, platformName: ANDROID}
Session ID: 8cda3fc4-b169-4f39-b4fb-e25f8dc351e4
at java.base/jdk.internal.reflect.DirectConstructorHandleAccessor.newInstance(DirectConstructorHandleAccessor.java:62)
at java.base/java.lang.reflect.Constructor.newInstanceWithCaller(Constructor.java:502)
at java.base/java.lang.reflect.Constructor.newInstance(Constructor.java:486)
at org.openqa.selenium.remote.codec.w3c.W3CHttpResponseCodec.createException(W3CHttpResponseCodec.java:200)
at org.openqa.selenium.remote.codec.w3c.W3CHttpResponseCodec.decode(W3CHttpResponseCodec.java:133)
at org.openqa.selenium.remote.codec.w3c.W3CHttpResponseCodec.decode(W3CHttpResponseCodec.java:53)
at org.openqa.selenium.remote.HttpCommandExecutor.execute(HttpCommandExecutor.java:193)
at io.appium.java_client.remote.AppiumCommandExecutor.execute(AppiumCommandExecutor.java:250)
at org.openqa.selenium.remote.RemoteWebDriver.execute(RemoteWebDriver.java:543)
at org.openqa.selenium.remote.ElementLocation$ElementFinder$2.findElement(ElementLocation.java:162)
at org.openqa.selenium.remote.ElementLocation.findElement(ElementLocation.java:60)
at org.openqa.selenium.remote.RemoteWebDriver.findElement(RemoteWebDriver.java:352)
at org.openqa.selenium.remote.RemoteWebDriver.findElement(RemoteWebDriver.java:344)
at org.openqa.selenium.support.ui.ExpectedConditions$7.apply(ExpectedConditions.java:197)
at org.openqa.selenium.support.ui.ExpectedConditions$7.apply(ExpectedConditions.java:193)
at org.openqa.selenium.support.ui.ExpectedConditions$22.apply(ExpectedConditions.java:631)
at org.openqa.selenium.support.ui.ExpectedConditions$22.apply(ExpectedConditions.java:628)
at org.openqa.selenium.support.ui.FluentWait.until(FluentWait.java:208)
at pages.ForgotPasswordPage.clickForgotPassword(ForgotPasswordPage.java:42)
at steps.ForgotPasswordSteps.click_forgot_password(ForgotPasswordSteps.java:26)
at ✽.user clicks on Forgot Password(file:///C:/Users/ma/eclipse-workspace/meezanbankApp/src/test/resources/features/18_ForgotPassword.feature:5)
]]>
    </error>
  </testcase> <!-- runScenario -->
  <testcase classname="runners.LoginRunner" name="runScenario" time="12.414"/>
  <testcase classname="runners.LoginRunner" name="runScenario" time="28.010"/>
  <testcase classname="runners.LoginRunner" name="runScenario" time="48.392"/>
  <testcase classname="runners.LoginRunner" name="runScenario" time="49.109"/>
  <testcase classname="runners.LoginRunner" name="runScenario" time="14.557"/>
  <testcase classname="runners.LoginRunner" name="runScenario" time="1.132">
    <error message="An unknown server-side error occurred while processing the command. Original error: &#039;POST /element&#039; cannot be proxied to UiAutomator2 server because the instrumentation process is not running (probably crashed). Check the server log and/or the logcat output for more details
Build info: version: &#039;4.8.3&#039;, revision: &#039;e5e76298c3&#039;
System info: os.name: &#039;Windows 11&#039;, os.arch: &#039;amd64&#039;, os.version: &#039;10.0&#039;, java.version: &#039;21.0.9&#039;
Driver info: io.appium.java_client.android.AndroidDriver
Command: [8cda3fc4-b169-4f39-b4fb-e25f8dc351e4, findElement {using=xpath, value=//android.widget.Image[@content-desc=&quot;Logout&quot;]}]
Capabilities {appium:adbExecTimeout: 120000, appium:appActivity: com.ofss.digx.mobile.androi..., appium:appPackage: com.ofss.tx.meezan, appium:autoGrantPermissions: true, appium:automationName: UiAutomator2, appium:chromedriverAutodownload: true, appium:chromedriverExecutable: C:\Users\ma\Documents\Aqeel..., appium:databaseEnabled: false, appium:desired: {adbExecTimeout: 120000, appActivity: com.ofss.digx.mobile.androi..., appPackage: com.ofss.tx.meezan, autoGrantPermissions: true, automationName: UiAutomator2, chromedriverAutodownload: true, chromedriverExecutable: C:\Users\ma\Documents\Aqeel..., deviceName: Android Device, enforceXPath1: true, ensureWebviewsHavePages: true, fullReset: false, newCommandTimeout: 300, noReset: true, platformName: android, udid: 083672525V005614, uiautomator2ServerLaunchTimeout: 180000, unlockKey: 0000, unlockType: pin, webviewConnectTimeout: 30000}, appium:deviceApiLevel: 33, appium:deviceManufacturer: INFINIX, appium:deviceModel: Infinix X670, appium:deviceName: 083672525V005614, appium:deviceScreenDensity: 480, appium:deviceScreenSize: 1080x2400, appium:deviceUDID: 083672525V005614, appium:enforceXPath1: true, appium:ensureWebviewsHavePages: true, appium:fullReset: false, appium:javascriptEnabled: true, appium:locationContextEnabled: false, appium:networkConnectionEnabled: true, appium:newCommandTimeout: 300, appium:noReset: true, appium:pixelRatio: 3, appium:platformVersion: 13, appium:statBarHeight: 108, appium:takesScreenshot: true, appium:udid: 083672525V005614, appium:uiautomator2ServerLaunchTimeout: 180000, appium:unlockKey: 0000, appium:unlockType: pin, appium:viewportRect: {height: 2292, left: 0, top: 108, width: 1080}, appium:warnings: {}, appium:webStorageEnabled: false, appium:webviewConnectTimeout: 30000, platformName: ANDROID}
Session ID: 8cda3fc4-b169-4f39-b4fb-e25f8dc351e4" type="org.openqa.selenium.WebDriverException">
      <![CDATA[org.openqa.selenium.WebDriverException: An unknown server-side error occurred while processing the command. Original error: 'POST /element' cannot be proxied to UiAutomator2 server because the instrumentation process is not running (probably crashed). Check the server log and/or the logcat output for more details
Build info: version: '4.8.3', revision: 'e5e76298c3'
System info: os.name: 'Windows 11', os.arch: 'amd64', os.version: '10.0', java.version: '21.0.9'
Driver info: io.appium.java_client.android.AndroidDriver
Command: [8cda3fc4-b169-4f39-b4fb-e25f8dc351e4, findElement {using=xpath, value=//android.widget.Image[@content-desc="Logout"]}]
Capabilities {appium:adbExecTimeout: 120000, appium:appActivity: com.ofss.digx.mobile.androi..., appium:appPackage: com.ofss.tx.meezan, appium:autoGrantPermissions: true, appium:automationName: UiAutomator2, appium:chromedriverAutodownload: true, appium:chromedriverExecutable: C:\Users\ma\Documents\Aqeel..., appium:databaseEnabled: false, appium:desired: {adbExecTimeout: 120000, appActivity: com.ofss.digx.mobile.androi..., appPackage: com.ofss.tx.meezan, autoGrantPermissions: true, automationName: UiAutomator2, chromedriverAutodownload: true, chromedriverExecutable: C:\Users\ma\Documents\Aqeel..., deviceName: Android Device, enforceXPath1: true, ensureWebviewsHavePages: true, fullReset: false, newCommandTimeout: 300, noReset: true, platformName: android, udid: 083672525V005614, uiautomator2ServerLaunchTimeout: 180000, unlockKey: 0000, unlockType: pin, webviewConnectTimeout: 30000}, appium:deviceApiLevel: 33, appium:deviceManufacturer: INFINIX, appium:deviceModel: Infinix X670, appium:deviceName: 083672525V005614, appium:deviceScreenDensity: 480, appium:deviceScreenSize: 1080x2400, appium:deviceUDID: 083672525V005614, appium:enforceXPath1: true, appium:ensureWebviewsHavePages: true, appium:fullReset: false, appium:javascriptEnabled: true, appium:locationContextEnabled: false, appium:networkConnectionEnabled: true, appium:newCommandTimeout: 300, appium:noReset: true, appium:pixelRatio: 3, appium:platformVersion: 13, appium:statBarHeight: 108, appium:takesScreenshot: true, appium:udid: 083672525V005614, appium:uiautomator2ServerLaunchTimeout: 180000, appium:unlockKey: 0000, appium:unlockType: pin, appium:viewportRect: {height: 2292, left: 0, top: 108, width: 1080}, appium:warnings: {}, appium:webStorageEnabled: false, appium:webviewConnectTimeout: 30000, platformName: ANDROID}
Session ID: 8cda3fc4-b169-4f39-b4fb-e25f8dc351e4
at java.base/jdk.internal.reflect.DirectConstructorHandleAccessor.newInstance(DirectConstructorHandleAccessor.java:62)
at java.base/java.lang.reflect.Constructor.newInstanceWithCaller(Constructor.java:502)
at java.base/java.lang.reflect.Constructor.newInstance(Constructor.java:486)
at org.openqa.selenium.remote.codec.w3c.W3CHttpResponseCodec.createException(W3CHttpResponseCodec.java:200)
at org.openqa.selenium.remote.codec.w3c.W3CHttpResponseCodec.decode(W3CHttpResponseCodec.java:133)
at org.openqa.selenium.remote.codec.w3c.W3CHttpResponseCodec.decode(W3CHttpResponseCodec.java:53)
at org.openqa.selenium.remote.HttpCommandExecutor.execute(HttpCommandExecutor.java:193)
at io.appium.java_client.remote.AppiumCommandExecutor.execute(AppiumCommandExecutor.java:250)
at org.openqa.selenium.remote.RemoteWebDriver.execute(RemoteWebDriver.java:543)
at org.openqa.selenium.remote.ElementLocation$ElementFinder$2.findElement(ElementLocation.java:162)
at org.openqa.selenium.remote.ElementLocation.findElement(ElementLocation.java:60)
at org.openqa.selenium.remote.RemoteWebDriver.findElement(RemoteWebDriver.java:352)
at org.openqa.selenium.remote.RemoteWebDriver.findElement(RemoteWebDriver.java:344)
at org.openqa.selenium.support.ui.ExpectedConditions$7.apply(ExpectedConditions.java:197)
at org.openqa.selenium.support.ui.ExpectedConditions$7.apply(ExpectedConditions.java:193)
at org.openqa.selenium.support.ui.ExpectedConditions$22.apply(ExpectedConditions.java:631)
at org.openqa.selenium.support.ui.ExpectedConditions$22.apply(ExpectedConditions.java:628)
at org.openqa.selenium.support.ui.FluentWait.until(FluentWait.java:208)
at pages.LogoutPage.clickLogout(LogoutPage.java:27)
at steps.LogoutSteps.user_clicks_logout_icon_and_app_exits(LogoutSteps.java:14)
at ✽.user clicks logout icon and app exits(file:///C:/Users/ma/eclipse-workspace/meezanbankApp/src/test/resources/features/17_Logout.feature:5)
]]>
    </error>
  </testcase> <!-- runScenario -->
  <testcase classname="runners.LoginRunner" name="runScenario" time="4.703"/>
  <testcase classname="runners.LoginRunner" name="runScenario" time="7.246"/>
  <testcase classname="runners.LoginRunner" name="runScenario" time="16.910">
    <error message="Expected condition failed: waiting for visibility of element located by By.xpath: //android.widget.TextView[contains(@text,&#039;FRAZ&#039;)] (tried for 15 second(s) with 500 milliseconds interval)
Build info: version: &#039;4.8.3&#039;, revision: &#039;e5e76298c3&#039;
System info: os.name: &#039;Windows 11&#039;, os.arch: &#039;amd64&#039;, os.version: &#039;10.0&#039;, java.version: &#039;21.0.9&#039;
Driver info: io.appium.java_client.android.AndroidDriver
Capabilities {appium:adbExecTimeout: 120000, appium:appActivity: com.ofss.digx.mobile.androi..., appium:appPackage: com.ofss.tx.meezan, appium:autoGrantPermissions: true, appium:automationName: UiAutomator2, appium:chromedriverAutodownload: true, appium:chromedriverExecutable: C:\Users\ma\Documents\Aqeel..., appium:databaseEnabled: false, appium:desired: {adbExecTimeout: 120000, appActivity: com.ofss.digx.mobile.androi..., appPackage: com.ofss.tx.meezan, autoGrantPermissions: true, automationName: UiAutomator2, chromedriverAutodownload: true, chromedriverExecutable: C:\Users\ma\Documents\Aqeel..., deviceName: Android Device, enforceXPath1: true, ensureWebviewsHavePages: true, fullReset: false, newCommandTimeout: 300, noReset: true, platformName: android, udid: 083672525V005614, uiautomator2ServerLaunchTimeout: 180000, unlockKey: 0000, unlockType: pin, webviewConnectTimeout: 30000}, appium:deviceApiLevel: 33, appium:deviceManufacturer: INFINIX, appium:deviceModel: Infinix X670, appium:deviceName: 083672525V005614, appium:deviceScreenDensity: 480, appium:deviceScreenSize: 1080x2400, appium:deviceUDID: 083672525V005614, appium:enforceXPath1: true, appium:ensureWebviewsHavePages: true, appium:fullReset: false, appium:javascriptEnabled: true, appium:locationContextEnabled: false, appium:networkConnectionEnabled: true, appium:newCommandTimeout: 300, appium:noReset: true, appium:pixelRatio: 3, appium:platformVersion: 13, appium:statBarHeight: 108, appium:takesScreenshot: true, appium:udid: 083672525V005614, appium:uiautomator2ServerLaunchTimeout: 180000, appium:unlockKey: 0000, appium:unlockType: pin, appium:viewportRect: {height: 2292, left: 0, top: 108, width: 1080}, appium:warnings: {}, appium:webStorageEnabled: false, appium:webviewConnectTimeout: 30000, platformName: ANDROID}
Session ID: 8cda3fc4-b169-4f39-b4fb-e25f8dc351e4" type="org.openqa.selenium.TimeoutException">
      <![CDATA[org.openqa.selenium.TimeoutException: Expected condition failed: waiting for visibility of element located by By.xpath: //android.widget.TextView[contains(@text,'FRAZ')] (tried for 15 second(s) with 500 milliseconds interval)
Build info: version: '4.8.3', revision: 'e5e76298c3'
System info: os.name: 'Windows 11', os.arch: 'amd64', os.version: '10.0', java.version: '21.0.9'
Driver info: io.appium.java_client.android.AndroidDriver
Capabilities {appium:adbExecTimeout: 120000, appium:appActivity: com.ofss.digx.mobile.androi..., appium:appPackage: com.ofss.tx.meezan, appium:autoGrantPermissions: true, appium:automationName: UiAutomator2, appium:chromedriverAutodownload: true, appium:chromedriverExecutable: C:\Users\ma\Documents\Aqeel..., appium:databaseEnabled: false, appium:desired: {adbExecTimeout: 120000, appActivity: com.ofss.digx.mobile.androi..., appPackage: com.ofss.tx.meezan, autoGrantPermissions: true, automationName: UiAutomator2, chromedriverAutodownload: true, chromedriverExecutable: C:\Users\ma\Documents\Aqeel..., deviceName: Android Device, enforceXPath1: true, ensureWebviewsHavePages: true, fullReset: false, newCommandTimeout: 300, noReset: true, platformName: android, udid: 083672525V005614, uiautomator2ServerLaunchTimeout: 180000, unlockKey: 0000, unlockType: pin, webviewConnectTimeout: 30000}, appium:deviceApiLevel: 33, appium:deviceManufacturer: INFINIX, appium:deviceModel: Infinix X670, appium:deviceName: 083672525V005614, appium:deviceScreenDensity: 480, appium:deviceScreenSize: 1080x2400, appium:deviceUDID: 083672525V005614, appium:enforceXPath1: true, appium:ensureWebviewsHavePages: true, appium:fullReset: false, appium:javascriptEnabled: true, appium:locationContextEnabled: false, appium:networkConnectionEnabled: true, appium:newCommandTimeout: 300, appium:noReset: true, appium:pixelRatio: 3, appium:platformVersion: 13, appium:statBarHeight: 108, appium:takesScreenshot: true, appium:udid: 083672525V005614, appium:uiautomator2ServerLaunchTimeout: 180000, appium:unlockKey: 0000, appium:unlockType: pin, appium:viewportRect: {height: 2292, left: 0, top: 108, width: 1080}, appium:warnings: {}, appium:webStorageEnabled: false, appium:webviewConnectTimeout: 30000, platformName: ANDROID}
Session ID: 8cda3fc4-b169-4f39-b4fb-e25f8dc351e4
at org.openqa.selenium.support.ui.WebDriverWait.timeoutException(WebDriverWait.java:87)
at org.openqa.selenium.support.ui.FluentWait.until(FluentWait.java:231)
at pages.ViewAccountsPage.getDashboardAccountTitle(ViewAccountsPage.java:38)
at steps.ViewAccountsSteps.store_account_title(ViewAccountsSteps.java:14)
at ✽.user stores account title from dashboard(file:///C:/Users/ma/eclipse-workspace/meezanbankApp/src/test/resources/features/15_ViewAccounts.feature:5)
]]>
    </error>
  </testcase> <!-- runScenario -->
  <testcase classname="runners.LoginRunner" name="runScenario" time="28.362"/>
  <testcase classname="runners.LoginRunner" name="runScenario" time="21.987"/>
  <testcase classname="runners.LoginRunner" name="runScenario" time="13.885"/>
  <testcase classname="runners.LoginRunner" name="runScenario" time="20.164"/>
  <testcase classname="runners.LoginRunner" name="runScenario" time="23.811">
    <error message="An unknown server-side error occurred while processing the command. Original error: &#039;POST /element&#039; cannot be proxied to UiAutomator2 server because the instrumentation process is not running (probably crashed). Check the server log and/or the logcat output for more details
Build info: version: &#039;4.8.3&#039;, revision: &#039;e5e76298c3&#039;
System info: os.name: &#039;Windows 11&#039;, os.arch: &#039;amd64&#039;, os.version: &#039;10.0&#039;, java.version: &#039;21.0.9&#039;
Driver info: io.appium.java_client.android.AndroidDriver
Command: [8cda3fc4-b169-4f39-b4fb-e25f8dc351e4, findElement {using=xpath, value=//android.widget.TextView[@text=&quot;Your Password has been reset successfully!&quot;]}]
Capabilities {appium:adbExecTimeout: 120000, appium:appActivity: com.ofss.digx.mobile.androi..., appium:appPackage: com.ofss.tx.meezan, appium:autoGrantPermissions: true, appium:automationName: UiAutomator2, appium:chromedriverAutodownload: true, appium:chromedriverExecutable: C:\Users\ma\Documents\Aqeel..., appium:databaseEnabled: false, appium:desired: {adbExecTimeout: 120000, appActivity: com.ofss.digx.mobile.androi..., appPackage: com.ofss.tx.meezan, autoGrantPermissions: true, automationName: UiAutomator2, chromedriverAutodownload: true, chromedriverExecutable: C:\Users\ma\Documents\Aqeel..., deviceName: Android Device, enforceXPath1: true, ensureWebviewsHavePages: true, fullReset: false, newCommandTimeout: 300, noReset: true, platformName: android, udid: 083672525V005614, uiautomator2ServerLaunchTimeout: 180000, unlockKey: 0000, unlockType: pin, webviewConnectTimeout: 30000}, appium:deviceApiLevel: 33, appium:deviceManufacturer: INFINIX, appium:deviceModel: Infinix X670, appium:deviceName: 083672525V005614, appium:deviceScreenDensity: 480, appium:deviceScreenSize: 1080x2400, appium:deviceUDID: 083672525V005614, appium:enforceXPath1: true, appium:ensureWebviewsHavePages: true, appium:fullReset: false, appium:javascriptEnabled: true, appium:locationContextEnabled: false, appium:networkConnectionEnabled: true, appium:newCommandTimeout: 300, appium:noReset: true, appium:pixelRatio: 3, appium:platformVersion: 13, appium:statBarHeight: 108, appium:takesScreenshot: true, appium:udid: 083672525V005614, appium:uiautomator2ServerLaunchTimeout: 180000, appium:unlockKey: 0000, appium:unlockType: pin, appium:viewportRect: {height: 2292, left: 0, top: 108, width: 1080}, appium:warnings: {}, appium:webStorageEnabled: false, appium:webviewConnectTimeout: 30000, platformName: ANDROID}
Session ID: 8cda3fc4-b169-4f39-b4fb-e25f8dc351e4" type="org.openqa.selenium.WebDriverException">
      <![CDATA[org.openqa.selenium.WebDriverException: An unknown server-side error occurred while processing the command. Original error: 'POST /element' cannot be proxied to UiAutomator2 server because the instrumentation process is not running (probably crashed). Check the server log and/or the logcat output for more details
Build info: version: '4.8.3', revision: 'e5e76298c3'
System info: os.name: 'Windows 11', os.arch: 'amd64', os.version: '10.0', java.version: '21.0.9'
Driver info: io.appium.java_client.android.AndroidDriver
Command: [8cda3fc4-b169-4f39-b4fb-e25f8dc351e4, findElement {using=xpath, value=//android.widget.TextView[@text="Your Password has been reset successfully!"]}]
Capabilities {appium:adbExecTimeout: 120000, appium:appActivity: com.ofss.digx.mobile.androi..., appium:appPackage: com.ofss.tx.meezan, appium:autoGrantPermissions: true, appium:automationName: UiAutomator2, appium:chromedriverAutodownload: true, appium:chromedriverExecutable: C:\Users\ma\Documents\Aqeel..., appium:databaseEnabled: false, appium:desired: {adbExecTimeout: 120000, appActivity: com.ofss.digx.mobile.androi..., appPackage: com.ofss.tx.meezan, autoGrantPermissions: true, automationName: UiAutomator2, chromedriverAutodownload: true, chromedriverExecutable: C:\Users\ma\Documents\Aqeel..., deviceName: Android Device, enforceXPath1: true, ensureWebviewsHavePages: true, fullReset: false, newCommandTimeout: 300, noReset: true, platformName: android, udid: 083672525V005614, uiautomator2ServerLaunchTimeout: 180000, unlockKey: 0000, unlockType: pin, webviewConnectTimeout: 30000}, appium:deviceApiLevel: 33, appium:deviceManufacturer: INFINIX, appium:deviceModel: Infinix X670, appium:deviceName: 083672525V005614, appium:deviceScreenDensity: 480, appium:deviceScreenSize: 1080x2400, appium:deviceUDID: 083672525V005614, appium:enforceXPath1: true, appium:ensureWebviewsHavePages: true, appium:fullReset: false, appium:javascriptEnabled: true, appium:locationContextEnabled: false, appium:networkConnectionEnabled: true, appium:newCommandTimeout: 300, appium:noReset: true, appium:pixelRatio: 3, appium:platformVersion: 13, appium:statBarHeight: 108, appium:takesScreenshot: true, appium:udid: 083672525V005614, appium:uiautomator2ServerLaunchTimeout: 180000, appium:unlockKey: 0000, appium:unlockType: pin, appium:viewportRect: {height: 2292, left: 0, top: 108, width: 1080}, appium:warnings: {}, appium:webStorageEnabled: false, appium:webviewConnectTimeout: 30000, platformName: ANDROID}
Session ID: 8cda3fc4-b169-4f39-b4fb-e25f8dc351e4
at java.base/jdk.internal.reflect.DirectConstructorHandleAccessor.newInstance(DirectConstructorHandleAccessor.java:62)
at java.base/java.lang.reflect.Constructor.newInstanceWithCaller(Constructor.java:502)
at java.base/java.lang.reflect.Constructor.newInstance(Constructor.java:486)
at org.openqa.selenium.remote.codec.w3c.W3CHttpResponseCodec.createException(W3CHttpResponseCodec.java:200)
at org.openqa.selenium.remote.codec.w3c.W3CHttpResponseCodec.decode(W3CHttpResponseCodec.java:133)
at org.openqa.selenium.remote.codec.w3c.W3CHttpResponseCodec.decode(W3CHttpResponseCodec.java:53)
at org.openqa.selenium.remote.HttpCommandExecutor.execute(HttpCommandExecutor.java:193)
at io.appium.java_client.remote.AppiumCommandExecutor.execute(AppiumCommandExecutor.java:250)
at org.openqa.selenium.remote.RemoteWebDriver.execute(RemoteWebDriver.java:543)
at org.openqa.selenium.remote.ElementLocation$ElementFinder$2.findElement(ElementLocation.java:162)
at org.openqa.selenium.remote.ElementLocation.findElement(ElementLocation.java:60)
at org.openqa.selenium.remote.RemoteWebDriver.findElement(RemoteWebDriver.java:352)
at org.openqa.selenium.remote.RemoteWebDriver.findElement(RemoteWebDriver.java:344)
at org.openqa.selenium.support.ui.ExpectedConditions$7.apply(ExpectedConditions.java:197)
at org.openqa.selenium.support.ui.ExpectedConditions$7.apply(ExpectedConditions.java:193)
at org.openqa.selenium.support.ui.FluentWait.until(FluentWait.java:208)
at pages.ChangePasswordPage.verifyFieldsFilled(ChangePasswordPage.java:85)
at steps.ChangePasswordSteps.password_fields_should_be_filled_successfully(ChangePasswordSteps.java:72)
at ✽.password fields should be filled successfully(file:///C:/Users/ma/eclipse-workspace/meezanbankApp/src/test/resources/features/16_ChangePassword.feature:14)
]]>
    </error>
  </testcase> <!-- runScenario -->
  <testcase classname="runners.LoginRunner" name="runScenario" time="8.275"/>
  <testcase classname="runners.LoginRunner" name="runScenario" time="18.420">
    <error message="Expected condition failed: waiting for element to be clickable: By.xpath: //android.widget.Image[@resource-id=&quot;hamBurger&quot;] (tried for 15 second(s) with 500 milliseconds interval)
Build info: version: &#039;4.8.3&#039;, revision: &#039;e5e76298c3&#039;
System info: os.name: &#039;Windows 11&#039;, os.arch: &#039;amd64&#039;, os.version: &#039;10.0&#039;, java.version: &#039;21.0.9&#039;
Driver info: io.appium.java_client.android.AndroidDriver
Capabilities {appium:adbExecTimeout: 120000, appium:appActivity: com.ofss.digx.mobile.androi..., appium:appPackage: com.ofss.tx.meezan, appium:autoGrantPermissions: true, appium:automationName: UiAutomator2, appium:chromedriverAutodownload: true, appium:chromedriverExecutable: C:\Users\ma\Documents\Aqeel..., appium:databaseEnabled: false, appium:desired: {adbExecTimeout: 120000, appActivity: com.ofss.digx.mobile.androi..., appPackage: com.ofss.tx.meezan, autoGrantPermissions: true, automationName: UiAutomator2, chromedriverAutodownload: true, chromedriverExecutable: C:\Users\ma\Documents\Aqeel..., deviceName: Android Device, enforceXPath1: true, ensureWebviewsHavePages: true, fullReset: false, newCommandTimeout: 300, noReset: true, platformName: android, udid: 083672525V005614, uiautomator2ServerLaunchTimeout: 180000, unlockKey: 0000, unlockType: pin, webviewConnectTimeout: 30000}, appium:deviceApiLevel: 33, appium:deviceManufacturer: INFINIX, appium:deviceModel: Infinix X670, appium:deviceName: 083672525V005614, appium:deviceScreenDensity: 480, appium:deviceScreenSize: 1080x2400, appium:deviceUDID: 083672525V005614, appium:enforceXPath1: true, appium:ensureWebviewsHavePages: true, appium:fullReset: false, appium:javascriptEnabled: true, appium:locationContextEnabled: false, appium:networkConnectionEnabled: true, appium:newCommandTimeout: 300, appium:noReset: true, appium:pixelRatio: 3, appium:platformVersion: 13, appium:statBarHeight: 108, appium:takesScreenshot: true, appium:udid: 083672525V005614, appium:uiautomator2ServerLaunchTimeout: 180000, appium:unlockKey: 0000, appium:unlockType: pin, appium:viewportRect: {height: 2292, left: 0, top: 108, width: 1080}, appium:warnings: {}, appium:webStorageEnabled: false, appium:webviewConnectTimeout: 30000, platformName: ANDROID}
Session ID: 8cda3fc4-b169-4f39-b4fb-e25f8dc351e4" type="org.openqa.selenium.TimeoutException">
      <![CDATA[org.openqa.selenium.TimeoutException: Expected condition failed: waiting for element to be clickable: By.xpath: //android.widget.Image[@resource-id="hamBurger"] (tried for 15 second(s) with 500 milliseconds interval)
Build info: version: '4.8.3', revision: 'e5e76298c3'
System info: os.name: 'Windows 11', os.arch: 'amd64', os.version: '10.0', java.version: '21.0.9'
Driver info: io.appium.java_client.android.AndroidDriver
Capabilities {appium:adbExecTimeout: 120000, appium:appActivity: com.ofss.digx.mobile.androi..., appium:appPackage: com.ofss.tx.meezan, appium:autoGrantPermissions: true, appium:automationName: UiAutomator2, appium:chromedriverAutodownload: true, appium:chromedriverExecutable: C:\Users\ma\Documents\Aqeel..., appium:databaseEnabled: false, appium:desired: {adbExecTimeout: 120000, appActivity: com.ofss.digx.mobile.androi..., appPackage: com.ofss.tx.meezan, autoGrantPermissions: true, automationName: UiAutomator2, chromedriverAutodownload: true, chromedriverExecutable: C:\Users\ma\Documents\Aqeel..., deviceName: Android Device, enforceXPath1: true, ensureWebviewsHavePages: true, fullReset: false, newCommandTimeout: 300, noReset: true, platformName: android, udid: 083672525V005614, uiautomator2ServerLaunchTimeout: 180000, unlockKey: 0000, unlockType: pin, webviewConnectTimeout: 30000}, appium:deviceApiLevel: 33, appium:deviceManufacturer: INFINIX, appium:deviceModel: Infinix X670, appium:deviceName: 083672525V005614, appium:deviceScreenDensity: 480, appium:deviceScreenSize: 1080x2400, appium:deviceUDID: 083672525V005614, appium:enforceXPath1: true, appium:ensureWebviewsHavePages: true, appium:fullReset: false, appium:javascriptEnabled: true, appium:locationContextEnabled: false, appium:networkConnectionEnabled: true, appium:newCommandTimeout: 300, appium:noReset: true, appium:pixelRatio: 3, appium:platformVersion: 13, appium:statBarHeight: 108, appium:takesScreenshot: true, appium:udid: 083672525V005614, appium:uiautomator2ServerLaunchTimeout: 180000, appium:unlockKey: 0000, appium:unlockType: pin, appium:viewportRect: {height: 2292, left: 0, top: 108, width: 1080}, appium:warnings: {}, appium:webStorageEnabled: false, appium:webviewConnectTimeout: 30000, platformName: ANDROID}
Session ID: 8cda3fc4-b169-4f39-b4fb-e25f8dc351e4
at org.openqa.selenium.support.ui.WebDriverWait.timeoutException(WebDriverWait.java:87)
at org.openqa.selenium.support.ui.FluentWait.until(FluentWait.java:231)
at pages.ViewProfilePage.openSideMenu(ViewProfilePage.java:33)
at steps.ViewProfileSteps.open_sidebar(ViewProfileSteps.java:12)
at ✽.user clicks on side bar menu(file:///C:/Users/ma/eclipse-workspace/meezanbankApp/src/test/resources/features/12_Profile.feature:5)
]]>
    </error>
  </testcase> <!-- runScenario -->
  <testcase classname="runners.LoginRunner" name="runScenario" time="5.733"/>
  <testcase classname="runners.LoginRunner" name="runScenario" time="19.586"/>
  <testcase classname="runners.LoginRunner" name="runScenario" time="20.804"/>
  <testcase classname="runners.LoginRunner" name="runScenario" time="6.223"/>
</testsuite> <!-- runners.LoginRunner -->
