<?xml version="1.0" encoding="UTF-8"?>
<!-- Generated by org.testng.reporters.JUnitReportReporter -->
<testsuite hostname="Xcelliti1" failures="0" tests="1" name="runners.ChangeNotificationLanguageRunner" time="220.105" errors="1" timestamp="2026-04-22T16:19:04 PKT" skipped="0">
  <testcase classname="runners.ChangeNotificationLanguageRunner" name="runScenario" time="220.105">
    <error message="An unknown server-side error occurred while processing the command. Original error: &#039;POST /element&#039; cannot be proxied to UiAutomator2 server because the instrumentation process is not running (probably crashed). Check the server log and/or the logcat output for more details
Build info: version: &#039;4.8.3&#039;, revision: &#039;e5e76298c3&#039;
System info: os.name: &#039;Windows 11&#039;, os.arch: &#039;amd64&#039;, os.version: &#039;10.0&#039;, java.version: &#039;21.0.9&#039;
Driver info: io.appium.java_client.android.AndroidDriver
Command: [7259bc7a-b0bb-4822-94c3-def687859bdb, findElement {using=xpath, value=//android.widget.Image[@text=&quot;home-icon-purple&quot;]}]
Capabilities {appium:adbExecTimeout: 120000, appium:appActivity: com.ofss.digx.mobile.androi..., appium:appPackage: com.ofss.tx.meezan, appium:autoGrantPermissions: true, appium:automationName: UiAutomator2, appium:chromedriverAutodownload: true, appium:chromedriverExecutable: C:\Users\ma\Documents\Aqeel..., appium:databaseEnabled: false, appium:desired: {adbExecTimeout: 120000, appActivity: com.ofss.digx.mobile.androi..., appPackage: com.ofss.tx.meezan, autoGrantPermissions: true, automationName: UiAutomator2, chromedriverAutodownload: true, chromedriverExecutable: C:\Users\ma\Documents\Aqeel..., deviceName: Android Device, enforceXPath1: true, ensureWebviewsHavePages: true, fullReset: false, newCommandTimeout: 300, noReset: true, platformName: android, udid: 083672525V005614, uiautomator2ServerLaunchTimeout: 180000, unlockKey: 0000, unlockType: pin, webviewConnectTimeout: 30000}, appium:deviceApiLevel: 33, appium:deviceManufacturer: INFINIX, appium:deviceModel: Infinix X670, appium:deviceName: 083672525V005614, appium:deviceScreenDensity: 480, appium:deviceScreenSize: 1080x2400, appium:deviceUDID: 083672525V005614, appium:enforceXPath1: true, appium:ensureWebviewsHavePages: true, appium:fullReset: false, appium:javascriptEnabled: true, appium:locationContextEnabled: false, appium:networkConnectionEnabled: true, appium:newCommandTimeout: 300, appium:noReset: true, appium:pixelRatio: 3, appium:platformVersion: 13, appium:statBarHeight: 108, appium:takesScreenshot: true, appium:udid: 083672525V005614, appium:uiautomator2ServerLaunchTimeout: 180000, appium:unlockKey: 0000, appium:unlockType: pin, appium:viewportRect: {height: 2292, left: 0, top: 108, width: 1080}, appium:warnings: {}, appium:webStorageEnabled: false, appium:webviewConnectTimeout: 30000, platformName: ANDROID}
Session ID: 7259bc7a-b0bb-4822-94c3-def687859bdb" type="org.openqa.selenium.WebDriverException">
      <![CDATA[org.openqa.selenium.WebDriverException: An unknown server-side error occurred while processing the command. Original error: 'POST /element' cannot be proxied to UiAutomator2 server because the instrumentation process is not running (probably crashed). Check the server log and/or the logcat output for more details
Build info: version: '4.8.3', revision: 'e5e76298c3'
System info: os.name: 'Windows 11', os.arch: 'amd64', os.version: '10.0', java.version: '21.0.9'
Driver info: io.appium.java_client.android.AndroidDriver
Command: [7259bc7a-b0bb-4822-94c3-def687859bdb, findElement {using=xpath, value=//android.widget.Image[@text="home-icon-purple"]}]
Capabilities {appium:adbExecTimeout: 120000, appium:appActivity: com.ofss.digx.mobile.androi..., appium:appPackage: com.ofss.tx.meezan, appium:autoGrantPermissions: true, appium:automationName: UiAutomator2, appium:chromedriverAutodownload: true, appium:chromedriverExecutable: C:\Users\ma\Documents\Aqeel..., appium:databaseEnabled: false, appium:desired: {adbExecTimeout: 120000, appActivity: com.ofss.digx.mobile.androi..., appPackage: com.ofss.tx.meezan, autoGrantPermissions: true, automationName: UiAutomator2, chromedriverAutodownload: true, chromedriverExecutable: C:\Users\ma\Documents\Aqeel..., deviceName: Android Device, enforceXPath1: true, ensureWebviewsHavePages: true, fullReset: false, newCommandTimeout: 300, noReset: true, platformName: android, udid: 083672525V005614, uiautomator2ServerLaunchTimeout: 180000, unlockKey: 0000, unlockType: pin, webviewConnectTimeout: 30000}, appium:deviceApiLevel: 33, appium:deviceManufacturer: INFINIX, appium:deviceModel: Infinix X670, appium:deviceName: 083672525V005614, appium:deviceScreenDensity: 480, appium:deviceScreenSize: 1080x2400, appium:deviceUDID: 083672525V005614, appium:enforceXPath1: true, appium:ensureWebviewsHavePages: true, appium:fullReset: false, appium:javascriptEnabled: true, appium:locationContextEnabled: false, appium:networkConnectionEnabled: true, appium:newCommandTimeout: 300, appium:noReset: true, appium:pixelRatio: 3, appium:platformVersion: 13, appium:statBarHeight: 108, appium:takesScreenshot: true, appium:udid: 083672525V005614, appium:uiautomator2ServerLaunchTimeout: 180000, appium:unlockKey: 0000, appium:unlockType: pin, appium:viewportRect: {height: 2292, left: 0, top: 108, width: 1080}, appium:warnings: {}, appium:webStorageEnabled: false, appium:webviewConnectTimeout: 30000, platformName: ANDROID}
Session ID: 7259bc7a-b0bb-4822-94c3-def687859bdb
at java.base/jdk.internal.reflect.DirectConstructorHandleAccessor.newInstance(DirectConstructorHandleAccessor.java:62)
at java.base/java.lang.reflect.Constructor.newInstanceWithCaller(Constructor.java:502)
at java.base/java.lang.reflect.Constructor.newInstance(Constructor.java:486)
at org.openqa.selenium.remote.codec.w3c.W3CHttpResponseCodec.createException(W3CHttpResponseCodec.java:200)
at org.openqa.selenium.remote.codec.w3c.W3CHttpResponseCodec.decode(W3CHttpResponseCodec.java:133)
at org.openqa.selenium.remote.codec.w3c.W3CHttpResponseCodec.decode(W3CHttpResponseCodec.java:53)
at org.openqa.selenium.remote.HttpCommandExecutor.execute(HttpCommandExecutor.java:193)
at io.appium.java_client.remote.AppiumCommandExecutor.execute(AppiumCommandExecutor.java:250)
at org.openqa.selenium.remote.RemoteWebDriver.execute(RemoteWebDriver.java:543)
at org.openqa.selenium.remote.ElementLocation$ElementFinder$2.findElement(ElementLocation.java:162)
at org.openqa.selenium.remote.ElementLocation.findElement(ElementLocation.java:60)
at org.openqa.selenium.remote.RemoteWebDriver.findElement(RemoteWebDriver.java:352)
at org.openqa.selenium.remote.RemoteWebDriver.findElement(RemoteWebDriver.java:344)
at org.openqa.selenium.support.ui.ExpectedConditions$7.apply(ExpectedConditions.java:197)
at org.openqa.selenium.support.ui.ExpectedConditions$7.apply(ExpectedConditions.java:193)
at org.openqa.selenium.support.ui.ExpectedConditions$22.apply(ExpectedConditions.java:631)
at org.openqa.selenium.support.ui.ExpectedConditions$22.apply(ExpectedConditions.java:628)
at org.openqa.selenium.support.ui.FluentWait.until(FluentWait.java:208)
at pages.DashboardPage.clickHome(DashboardPage.java:33)
at pages.DashboardPage.goToDashboard(DashboardPage.java:26)
at steps.CommomSteps.navigateToDashboard(CommomSteps.java:12)
]]>
    </error>
  </testcase> <!-- runScenario -->
</testsuite> <!-- runners.ChangeNotificationLanguageRunner -->
